<?xml version="1.0" encoding="UTF-8"?>
<!-- Generated by org.testng.reporters.JUnitXMLReporter -->
<testsuite hostname="TNQ-BCP-617" failures="1" tests="1" name="Test2" time="17.52" errors="0" timestamp="3 Aug 2020 07:55:48 GMT">
  <testcase classname="test.ChangePasswordTest" name="ChangePasswordScreen" time="6.173">
    <failure type="junit.framework.AssertionFailedError">
      <![CDATA[junit.framework.AssertionFailedError
	at junit.framework.Assert.fail(Assert.java:47)
	at junit.framework.Assert.fail(Assert.java:53)
	at test.ChangePasswordTest.ChangePasswordScreen(ChangePasswordTest.java:28)
... Removed 25 stack frames]]>
    </failure>
  </testcase> <!-- ChangePasswordScreen -->
</testsuite> <!-- Test2 -->
