<?xml version="1.0" encoding="UTF-8"?>
<testng-results ignored="0" total="1" passed="1" failed="0" skipped="0">
  <reporter-output>
  </reporter-output>
  <suite started-at="2021-06-30T18:50:34 PDT" name="Suite" finished-at="2021-06-30T18:50:38 PDT" duration-ms="4254">
    <groups>
    </groups>
    <test started-at="2021-06-30T18:50:34 PDT" name="Test" finished-at="2021-06-30T18:50:38 PDT" duration-ms="4254">
      <class name="TestComponent.LoginTest">
        <test-method is-config="true" signature="beforeSuite()[pri:0, instance:TestComponent.LoginTest@618425b5]" started-at="2021-06-30T18:50:34 PDT" name="beforeSuite" finished-at="2021-06-30T18:50:34 PDT" duration-ms="234" status="PASS">
          <reporter-output>
          </reporter-output>
        </test-method> <!-- beforeSuite -->
        <test-method is-config="true" signature="beforeMethod(java.lang.String,java.lang.String)[pri:0, instance:TestComponent.LoginTest@618425b5]" started-at="2021-06-30T18:50:34 PDT" name="beforeMethod" finished-at="2021-06-30T18:50:37 PDT" duration-ms="2873" status="PASS">
          <params>
            <param index="0">
              <value>
                <![CDATA[Enter Valid userid and pwd]]>
              </value>
            </param>
            <param index="1">
              <value>
                <![CDATA[chrome]]>
              </value>
            </param>
          </params>
          <reporter-output>
          </reporter-output>
        </test-method> <!-- beforeMethod -->
        <test-method signature="screen1(java.lang.String,java.lang.String)[pri:0, instance:TestComponent.LoginTest@618425b5]" started-at="2021-06-30T18:50:37 PDT" name="screen1" finished-at="2021-06-30T18:50:37 PDT" duration-ms="763" status="PASS">
          <params>
            <param index="0">
              <value>
                <![CDATA[mngr274832]]>
              </value>
            </param>
            <param index="1">
              <value>
                <![CDATA[pAgYveq]]>
              </value>
            </param>
          </params>
          <reporter-output>
          </reporter-output>
        </test-method> <!-- screen1 -->
        <test-method is-config="true" signature="afterMethod()[pri:0, instance:TestComponent.LoginTest@618425b5]" started-at="2021-06-30T18:50:37 PDT" name="afterMethod" finished-at="2021-06-30T18:50:38 PDT" duration-ms="579" status="PASS">
          <reporter-output>
          </reporter-output>
        </test-method> <!-- afterMethod -->
        <test-method is-config="true" signature="afterSuite()[pri:0, instance:TestComponent.LoginTest@618425b5]" started-at="2021-06-30T18:50:38 PDT" name="afterSuite" finished-at="2021-06-30T18:50:38 PDT" duration-ms="65" status="PASS">
          <reporter-output>
          </reporter-output>
        </test-method> <!-- afterSuite -->
      </class> <!-- TestComponent.LoginTest -->
    </test> <!-- Test -->
  </suite> <!-- Suite -->
</testng-results>
